<?xml version="1.0" encoding="UTF-8"?>
<!-- Generated by org.testng.reporters.JUnitReportReporter -->
<testsuite hostname="DELL-C0HKRC2" failures="0" tests="1" name="Edit.EducacionIT26Mayo2022.Laboratorio3" time="24.883" errors="0" timestamp="2022-06-21T21:40:38 ART" skipped="0">
  <testcase classname="Edit.EducacionIT26Mayo2022.Laboratorio3" name="registrarUsuario" time="24.883"/>
  <system-out/>
</testsuite> <!-- Edit.EducacionIT26Mayo2022.Laboratorio3 -->
