<?xml version="1.0" encoding="UTF-8"?>
<!-- Generated by org.testng.reporters.JUnitReportReporter -->
<testsuite hostname="DELL-C0HKRC2" failures="0" tests="1" name="pruebas.Laboraotorio9" time="0.402" errors="0" timestamp="2022-06-23T20:30:34 ART" skipped="0">
  <testcase classname="pruebas.Laboraotorio9" name="consultarValoresTabla" time="0.402"/>
  <system-out/>
</testsuite> <!-- pruebas.Laboraotorio9 -->
